New log file opened at Mon Mar 21 20:32:23 EDT 2016 by 7944@DESKTOP-GVSLK2T
jvm 7944@DESKTOP-GVSLK2T
jvm vmName=Java HotSpot(TM) Client VM vmVendor=Oracle Corporation vmVersion=25.73-b02
jvm specName=Java Virtual Machine Specification specVendor=Oracle Corporation specVersion=1.8
jvm arguments: [-Xms256m, -Xmx1024m, -XX:MetaspaceSize=64m, -XX:MaxMetaspaceSize=256m]
Starting event engine
Starting sbt command engine
Waiting for sbt command engine
Command engine arguments=List()
Command engine baseDirectory=C:\Users\ajbim\OneDrive\Documents\GitHub\TBRG
Command engine initial remaining commands List(--initialize, onFailure load-failed, boot, server-send-ready-for-request, server-handle-next-server-request)
> --initialize
> initialize
> onFailure load-failed
> boot
> reload
[Loading] Scanning directory C:\Users\ajbim\OneDrive\Documents\GitHub\TBRG\project
[Loading] Found non-root projects 
[Loading] Done in C:\Users\ajbim\OneDrive\Documents\GitHub\TBRG\project, returning: ()
deducing auto plugins based on known facts Set(Atom(sbt.plugins.CorePlugin)) and clauses Clauses(List(Clause(Atom(sbt.plugins.JvmPlugin),Set(Atom(sbt.plugins.IvyPlugin))), Clause(Atom(sbt.plugins.JUnitXmlReportPlugin),Set(Atom(sbt.plugins.JvmPlugin))), Clause(Atom(sbt.plugins.CorePlugin),Set(Atom(sbt.plugins.IvyPlugin))), Clause(Atom(sbt.plugins.IvyPlugin),Set(Atom(sbt.plugins.JvmPlugin))), Clause(Atom(sbt.plugins.JvmPlugin),Set(Atom(sbt.plugins.JUnitXmlReportPlugin)))))
  :: deduced result: Matched(sbt.plugins.CorePlugin,sbt.plugins.IvyPlugin,sbt.plugins.JvmPlugin,sbt.plugins.JUnitXmlReportPlugin)
sorting: ns: List(sbt.plugins.CorePlugin, sbt.plugins.IvyPlugin, sbt.plugins.JvmPlugin, sbt.plugins.JUnitXmlReportPlugin)
  :: sorting:: found: List(sbt.plugins.CorePlugin) not found List(sbt.plugins.IvyPlugin, sbt.plugins.JvmPlugin, sbt.plugins.JUnitXmlReportPlugin)
  :: sorting:: found: List(sbt.plugins.CorePlugin, sbt.plugins.IvyPlugin) not found List(sbt.plugins.JvmPlugin, sbt.plugins.JUnitXmlReportPlugin)
  :: sorting:: found: List(sbt.plugins.CorePlugin, sbt.plugins.IvyPlugin, sbt.plugins.JvmPlugin) not found List(sbt.plugins.JUnitXmlReportPlugin)
  :: sorting:: found: List(sbt.plugins.CorePlugin, sbt.plugins.IvyPlugin, sbt.plugins.JvmPlugin, sbt.plugins.JUnitXmlReportPlugin) not found List()
  :: sorted deduced result: List(sbt.plugins.CorePlugin, sbt.plugins.IvyPlugin, sbt.plugins.JvmPlugin, sbt.plugins.JUnitXmlReportPlugin)
[Loading] Done in C:\Users\ajbim\OneDrive\Documents\GitHub\TBRG\project, returning: (tbrg-build)
Loading project definition from C:\Users\ajbim\OneDrive\Documents\GitHub\TBRG\project
Running task... Cancel: sbt.TaskCancellationStrategy$Null$@177b5b4, check cycles: false

Initial source changes: 
	removed:Set()
	added: Set()
	modified: Set()
Removed products: Set()
External API changes: API Changes: Set()
Modified binary dependencies: Set()
Initial directly invalidated sources: Set()

Sources indirectly invalidated by:
	product: Set()
	binary dep: Set()
	external source: Set()
All initially invalidated sources: Set()

Copy resource mappings: 
	
[Loading] Scanning directory C:\Users\ajbim\OneDrive\Documents\GitHub\TBRG
[Loading] Found non-root projects 
[Loading] Done in C:\Users\ajbim\OneDrive\Documents\GitHub\TBRG, returning: ()
deducing auto plugins based on known facts Set(Atom(sbt.plugins.CorePlugin)) and clauses Clauses(List(Clause(Atom(sbt.plugins.JvmPlugin),Set(Atom(sbt.plugins.IvyPlugin))), Clause(Atom(sbt.plugins.JUnitXmlReportPlugin),Set(Atom(sbt.plugins.JvmPlugin))), Clause(Atom(sbt.plugins.BackgroundRunPlugin),Set(Atom(sbt.plugins.JvmPlugin))), Clause(Atom(sbt.plugins.CorePlugin),Set(Atom(sbt.plugins.IvyPlugin))), Clause(Atom(sbt.plugins.IvyPlugin),Set(Atom(sbt.plugins.JvmPlugin))), Clause(Atom(sbt.plugins.JvmPlugin),Set(Atom(sbt.plugins.JUnitXmlReportPlugin))), Clause(Atom(sbt.plugins.JvmPlugin),Set(Atom(sbt.plugins.BackgroundRunPlugin))), Clause(Atom(sbt.plugins.CorePlugin),Set(Atom(sbt.plugins.InteractionServicePlugin))), Clause(Atom(sbt.plugins.CorePlugin),Set(Atom(sbt.plugins.SendEventServicePlugin))), Clause(Atom(sbt.plugins.CorePlugin),Set(Atom(sbt.plugins.SerializersPlugin)))))
  :: deduced result: Matched(sbt.plugins.CorePlugin,sbt.plugins.SerializersPlugin,sbt.plugins.SendEventServicePlugin,sbt.plugins.InteractionServicePlugin,sbt.plugins.IvyPlugin,sbt.plugins.JvmPlugin,sbt.plugins.BackgroundRunPlugin,sbt.plugins.JUnitXmlReportPlugin)
sorting: ns: List(sbt.plugins.CorePlugin, sbt.plugins.SerializersPlugin, sbt.plugins.SendEventServicePlugin, sbt.plugins.InteractionServicePlugin, sbt.plugins.IvyPlugin, sbt.plugins.JvmPlugin, sbt.plugins.BackgroundRunPlugin, sbt.plugins.JUnitXmlReportPlugin)
  :: sorting:: found: List(sbt.plugins.CorePlugin) not found List(sbt.plugins.SerializersPlugin, sbt.plugins.SendEventServicePlugin, sbt.plugins.InteractionServicePlugin, sbt.plugins.IvyPlugin, sbt.plugins.JvmPlugin, sbt.plugins.BackgroundRunPlugin, sbt.plugins.JUnitXmlReportPlugin)
  :: sorting:: found: List(sbt.plugins.CorePlugin, sbt.plugins.SerializersPlugin, sbt.plugins.SendEventServicePlugin, sbt.plugins.InteractionServicePlugin, sbt.plugins.IvyPlugin) not found List(sbt.plugins.JvmPlugin, sbt.plugins.BackgroundRunPlugin, sbt.plugins.JUnitXmlReportPlugin)
  :: sorting:: found: List(sbt.plugins.CorePlugin, sbt.plugins.SerializersPlugin, sbt.plugins.SendEventServicePlugin, sbt.plugins.InteractionServicePlugin, sbt.plugins.IvyPlugin, sbt.plugins.JvmPlugin) not found List(sbt.plugins.BackgroundRunPlugin, sbt.plugins.JUnitXmlReportPlugin)
  :: sorting:: found: List(sbt.plugins.CorePlugin, sbt.plugins.SerializersPlugin, sbt.plugins.SendEventServicePlugin, sbt.plugins.InteractionServicePlugin, sbt.plugins.IvyPlugin, sbt.plugins.JvmPlugin, sbt.plugins.BackgroundRunPlugin, sbt.plugins.JUnitXmlReportPlugin) not found List()
  :: sorted deduced result: List(sbt.plugins.CorePlugin, sbt.plugins.SerializersPlugin, sbt.plugins.SendEventServicePlugin, sbt.plugins.InteractionServicePlugin, sbt.plugins.IvyPlugin, sbt.plugins.JvmPlugin, sbt.plugins.BackgroundRunPlugin, sbt.plugins.JUnitXmlReportPlugin)
[Loading] Done in C:\Users\ajbim\OneDrive\Documents\GitHub\TBRG, returning: (tbrg)
Set current project to TBRG (in build file:/C:/Users/ajbim/OneDrive/Documents/GitHub/TBRG/)
Reapplying settings...
Set current project to TBRG (in build file:/C:/Users/ajbim/OneDrive/Documents/GitHub/TBRG/)
> iflast shell
> server-send-ready-for-request
> server-handle-next-server-request
> {file:/C:/Users/ajbim/OneDrive/Documents/GitHub/TBRG/}tbrg/compile:mainClass
Evaluating tasks: compile:mainClass
Running task... Cancel: sbt.server.ServerTaskCancellation@143e1a7, check cycles: false

Initial source changes: 
	removed:Set()
	added: Set(C:\Users\ajbim\OneDrive\Documents\GitHub\TBRG\src\main\scala\com\ymcmp\tbrg\character\Phase Knight.scala)
	modified: Set(C:\Users\ajbim\OneDrive\Documents\GitHub\TBRG\src\main\scala\com\ymcmp\tbrg\character\PhaseKnight.scala, C:\Users\ajbim\OneDrive\Documents\GitHub\TBRG\src\main\scala\com\ymcmp\tbrg\SheetFactory.scala)
Removed products: Set()
External API changes: API Changes: Set()
Modified binary dependencies: Set()
Initial directly invalidated sources: Set(C:\Users\ajbim\OneDrive\Documents\GitHub\TBRG\src\main\scala\com\ymcmp\tbrg\character\PhaseKnight.scala, C:\Users\ajbim\OneDrive\Documents\GitHub\TBRG\src\main\scala\com\ymcmp\tbrg\SheetFactory.scala, C:\Users\ajbim\OneDrive\Documents\GitHub\TBRG\src\main\scala\com\ymcmp\tbrg\character\Phase Knight.scala)

Sources indirectly invalidated by:
	product: Set()
	binary dep: Set()
	external source: Set()
All initially invalidated sources: Set(C:\Users\ajbim\OneDrive\Documents\GitHub\TBRG\src\main\scala\com\ymcmp\tbrg\character\PhaseKnight.scala, C:\Users\ajbim\OneDrive\Documents\GitHub\TBRG\src\main\scala\com\ymcmp\tbrg\SheetFactory.scala, C:\Users\ajbim\OneDrive\Documents\GitHub\TBRG\src\main\scala\com\ymcmp\tbrg\character\Phase Knight.scala)

Read from stdout: Compiling 3 Scala sources to C:\Users\ajbim\OneDrive\Documents\GitHub\TBRG\target\scala-2.11\classes...
Compiling 3 Scala sources to C:\Users\ajbim\OneDrive\Documents\GitHub\TBRG\target\scala-2.11\classes...
Getting compiler-interface from component compiler for Scala 2.11.2
Other repositories:
Default repositories:
Getting compiler-interface from component compiler for Scala 2.11.2
Other repositories:
Default repositories:
Running cached compiler 8f66bc, interfacing (CompilerInterface) with Scala compiler version 2.11.2
Calling Scala compiler with arguments  (CompilerInterface):
	-bootclasspath
	C:\Program Files (x86)\Java\jdk1.8.0_73\jre\lib\resources.jar;C:\Program Files (x86)\Java\jdk1.8.0_73\jre\lib\rt.jar;C:\Program Files (x86)\Java\jdk1.8.0_73\jre\lib\sunrsasign.jar;C:\Program Files (x86)\Java\jdk1.8.0_73\jre\lib\jsse.jar;C:\Program Files (x86)\Java\jdk1.8.0_73\jre\lib\jce.jar;C:\Program Files (x86)\Java\jdk1.8.0_73\jre\lib\charsets.jar;C:\Program Files (x86)\Java\jdk1.8.0_73\jre\lib\jfr.jar;C:\Program Files (x86)\Java\jdk1.8.0_73\jre\classes;C:\Users\ajbim\Downloads\typesafe-activator-1.3.7\activator-dist-1.3.7\repository\org.scala-lang\scala-library\2.11.2\jars\scala-library.jar
	-classpath
	C:\Users\ajbim\OneDrive\Documents\GitHub\TBRG\target\scala-2.11\classes
Read from stdout: C:\Users\ajbim\OneDrive\Documents\GitHub\TBRG\src\main\scala\com\ymcmp\tbrg\SheetFactory.scala:15: illegal start of simple pattern
C:\Users\ajbim\OneDrive\Documents\GitHub\TBRG\src\main\scala\com\ymcmp\tbrg\SheetFactory.scala:15: illegal start of simple pattern
Read from stdout: val PHASE KNIGHT = Value
    val PHASE KNIGHT = Value
Read from stdout: ^
                     ^
Read from stdout: C:\Users\ajbim\OneDrive\Documents\GitHub\TBRG\src\main\scala\com\ymcmp\tbrg\SheetFactory.scala:16: '=' expected but '}' found.
C:\Users\ajbim\OneDrive\Documents\GitHub\TBRG\src\main\scala\com\ymcmp\tbrg\SheetFactory.scala:16: '=' expected but '}' found.
Read from stdout: }
  }
Read from stdout: ^
  ^
Read from stdout: C:\Users\ajbim\OneDrive\Documents\GitHub\TBRG\src\main\scala\com\ymcmp\tbrg\SheetFactory.scala:24: illegal start of simple pattern
C:\Users\ajbim\OneDrive\Documents\GitHub\TBRG\src\main\scala\com\ymcmp\tbrg\SheetFactory.scala:24: illegal start of simple pattern
Read from stdout: case Classes.PHASE KNIGHT => new Phase Knight(r)
      case Classes.PHASE KNIGHT => new Phase Knight(r)
Read from stdout: ^
                                ^
Read from stdout: C:\Users\ajbim\OneDrive\Documents\GitHub\TBRG\src\main\scala\com\ymcmp\tbrg\SheetFactory.scala:25: '=>' expected but '}' found.
C:\Users\ajbim\OneDrive\Documents\GitHub\TBRG\src\main\scala\com\ymcmp\tbrg\SheetFactory.scala:25: '=>' expected but '}' found.
Read from stdout: }
    }
Read from stdout: ^
    ^
Read from stdout: C:\Users\ajbim\OneDrive\Documents\GitHub\TBRG\src\main\scala\com\ymcmp\tbrg\character\Phase Knight.scala:6: ';' expected but identifier found.
C:\Users\ajbim\OneDrive\Documents\GitHub\TBRG\src\main\scala\com\ymcmp\tbrg\character\Phase Knight.scala:6: ';' expected but identifier found.
Read from stdout: class Phase Knight(r: Race.Value) extends GenericSheet(r, () => Dice.d12, 0, 0,
class Phase Knight(r: Race.Value) extends GenericSheet(r, () => Dice.d12, 0, 0,
Read from stdout: ^
            ^
Read from stdout: C:\Users\ajbim\OneDrive\Documents\GitHub\TBRG\src\main\scala\com\ymcmp\tbrg\character\PhaseKnight.scala:6: ';' expected but identifier found.
C:\Users\ajbim\OneDrive\Documents\GitHub\TBRG\src\main\scala\com\ymcmp\tbrg\character\PhaseKnight.scala:6: ';' expected but identifier found.
Read from stdout: class Phase Knight(r: Race.Value) extends GenericSheet(r, () => Dice.d12, 0, 0,
class Phase Knight(r: Race.Value) extends GenericSheet(r, () => Dice.d12, 0, 0,
Read from stdout: ^
            ^
Read from stdout: 6 errors found
6 errors found
Compilation failed (CompilerInterface)
Read from stdout: (compile:compileIncremental) Compilation failed
(compile:compileIncremental) Compilation failed
Total time: 2 s, completed Mar 21, 2016 8:32:27 PM
> server-post-command-error-handler
> server-post-command-cleanup
> server-handle-next-server-request
> {file:/C:/Users/ajbim/OneDrive/Documents/GitHub/TBRG/}tbrg/compile:discoveredMainClasses
Evaluating tasks: compile:discoveredMainClasses
Running task... Cancel: sbt.server.ServerTaskCancellation@148dee1, check cycles: false

Initial source changes: 
	removed:Set()
	added: Set(C:\Users\ajbim\OneDrive\Documents\GitHub\TBRG\src\main\scala\com\ymcmp\tbrg\character\Phase Knight.scala)
	modified: Set(C:\Users\ajbim\OneDrive\Documents\GitHub\TBRG\src\main\scala\com\ymcmp\tbrg\character\PhaseKnight.scala, C:\Users\ajbim\OneDrive\Documents\GitHub\TBRG\src\main\scala\com\ymcmp\tbrg\SheetFactory.scala)
Removed products: Set()
External API changes: API Changes: Set()
Modified binary dependencies: Set()
Initial directly invalidated sources: Set(C:\Users\ajbim\OneDrive\Documents\GitHub\TBRG\src\main\scala\com\ymcmp\tbrg\character\PhaseKnight.scala, C:\Users\ajbim\OneDrive\Documents\GitHub\TBRG\src\main\scala\com\ymcmp\tbrg\SheetFactory.scala, C:\Users\ajbim\OneDrive\Documents\GitHub\TBRG\src\main\scala\com\ymcmp\tbrg\character\Phase Knight.scala)

Sources indirectly invalidated by:
	product: Set()
	binary dep: Set()
	external source: Set()
All initially invalidated sources: Set(C:\Users\ajbim\OneDrive\Documents\GitHub\TBRG\src\main\scala\com\ymcmp\tbrg\character\PhaseKnight.scala, C:\Users\ajbim\OneDrive\Documents\GitHub\TBRG\src\main\scala\com\ymcmp\tbrg\SheetFactory.scala, C:\Users\ajbim\OneDrive\Documents\GitHub\TBRG\src\main\scala\com\ymcmp\tbrg\character\Phase Knight.scala)

Read from stdout: Compiling 3 Scala sources to C:\Users\ajbim\OneDrive\Documents\GitHub\TBRG\target\scala-2.11\classes...
Compiling 3 Scala sources to C:\Users\ajbim\OneDrive\Documents\GitHub\TBRG\target\scala-2.11\classes...
Getting compiler-interface from component compiler for Scala 2.11.2
Other repositories:
Default repositories:
Getting compiler-interface from component compiler for Scala 2.11.2
Other repositories:
Default repositories:
Running cached compiler 170894e, interfacing (CompilerInterface) with Scala compiler version 2.11.2
Calling Scala compiler with arguments  (CompilerInterface):
	-bootclasspath
	C:\Program Files (x86)\Java\jdk1.8.0_73\jre\lib\resources.jar;C:\Program Files (x86)\Java\jdk1.8.0_73\jre\lib\rt.jar;C:\Program Files (x86)\Java\jdk1.8.0_73\jre\lib\sunrsasign.jar;C:\Program Files (x86)\Java\jdk1.8.0_73\jre\lib\jsse.jar;C:\Program Files (x86)\Java\jdk1.8.0_73\jre\lib\jce.jar;C:\Program Files (x86)\Java\jdk1.8.0_73\jre\lib\charsets.jar;C:\Program Files (x86)\Java\jdk1.8.0_73\jre\lib\jfr.jar;C:\Program Files (x86)\Java\jdk1.8.0_73\jre\classes;C:\Users\ajbim\Downloads\typesafe-activator-1.3.7\activator-dist-1.3.7\repository\org.scala-lang\scala-library\2.11.2\jars\scala-library.jar
	-classpath
	C:\Users\ajbim\OneDrive\Documents\GitHub\TBRG\target\scala-2.11\classes
Read from stdout: C:\Users\ajbim\OneDrive\Documents\GitHub\TBRG\src\main\scala\com\ymcmp\tbrg\SheetFactory.scala:15: illegal start of simple pattern
C:\Users\ajbim\OneDrive\Documents\GitHub\TBRG\src\main\scala\com\ymcmp\tbrg\SheetFactory.scala:15: illegal start of simple pattern
Read from stdout: val PHASE KNIGHT = Value
    val PHASE KNIGHT = Value
Read from stdout: ^
                     ^
Read from stdout: C:\Users\ajbim\OneDrive\Documents\GitHub\TBRG\src\main\scala\com\ymcmp\tbrg\SheetFactory.scala:16: '=' expected but '}' found.
C:\Users\ajbim\OneDrive\Documents\GitHub\TBRG\src\main\scala\com\ymcmp\tbrg\SheetFactory.scala:16: '=' expected but '}' found.
Read from stdout: }
  }
Read from stdout: ^
  ^
Read from stdout: C:\Users\ajbim\OneDrive\Documents\GitHub\TBRG\src\main\scala\com\ymcmp\tbrg\SheetFactory.scala:24: illegal start of simple pattern
C:\Users\ajbim\OneDrive\Documents\GitHub\TBRG\src\main\scala\com\ymcmp\tbrg\SheetFactory.scala:24: illegal start of simple pattern
Read from stdout: case Classes.PHASE KNIGHT => new Phase Knight(r)
      case Classes.PHASE KNIGHT => new Phase Knight(r)
Read from stdout: ^
                                ^
Read from stdout: C:\Users\ajbim\OneDrive\Documents\GitHub\TBRG\src\main\scala\com\ymcmp\tbrg\SheetFactory.scala:25: '=>' expected but '}' found.
C:\Users\ajbim\OneDrive\Documents\GitHub\TBRG\src\main\scala\com\ymcmp\tbrg\SheetFactory.scala:25: '=>' expected but '}' found.
Read from stdout: }
    }
Read from stdout: ^
    ^
Read from stdout: C:\Users\ajbim\OneDrive\Documents\GitHub\TBRG\src\main\scala\com\ymcmp\tbrg\character\Phase Knight.scala:6: ';' expected but identifier found.
C:\Users\ajbim\OneDrive\Documents\GitHub\TBRG\src\main\scala\com\ymcmp\tbrg\character\Phase Knight.scala:6: ';' expected but identifier found.
Read from stdout: class Phase Knight(r: Race.Value) extends GenericSheet(r, () => Dice.d12, 0, 0,
class Phase Knight(r: Race.Value) extends GenericSheet(r, () => Dice.d12, 0, 0,
Read from stdout: ^
            ^
Read from stdout: C:\Users\ajbim\OneDrive\Documents\GitHub\TBRG\src\main\scala\com\ymcmp\tbrg\character\PhaseKnight.scala:6: ';' expected but identifier found.
C:\Users\ajbim\OneDrive\Documents\GitHub\TBRG\src\main\scala\com\ymcmp\tbrg\character\PhaseKnight.scala:6: ';' expected but identifier found.
Read from stdout: class Phase Knight(r: Race.Value) extends GenericSheet(r, () => Dice.d12, 0, 0,
class Phase Knight(r: Race.Value) extends GenericSheet(r, () => Dice.d12, 0, 0,
Read from stdout: ^
            ^
Read from stdout: 6 errors found
6 errors found
Compilation failed (CompilerInterface)
Read from stdout: (compile:compileIncremental) Compilation failed
(compile:compileIncremental) Compilation failed
Total time: 0 s, completed Mar 21, 2016 8:32:28 PM
> server-post-command-error-handler
> server-post-command-cleanup
> server-handle-next-server-request
> compile
Evaluating tasks: compile:compile
Running task... Cancel: sbt.server.ServerTaskCancellation@3768dc, check cycles: false

Initial source changes: 
	removed:Set()
	added: Set()
	modified: Set(C:\Users\ajbim\OneDrive\Documents\GitHub\TBRG\src\main\scala\com\ymcmp\tbrg\character\PhaseKnight.scala, C:\Users\ajbim\OneDrive\Documents\GitHub\TBRG\src\main\scala\com\ymcmp\tbrg\SheetFactory.scala)
Removed products: Set()
External API changes: API Changes: Set()
Modified binary dependencies: Set()
Initial directly invalidated sources: Set(C:\Users\ajbim\OneDrive\Documents\GitHub\TBRG\src\main\scala\com\ymcmp\tbrg\character\PhaseKnight.scala, C:\Users\ajbim\OneDrive\Documents\GitHub\TBRG\src\main\scala\com\ymcmp\tbrg\SheetFactory.scala)

Sources indirectly invalidated by:
	product: Set()
	binary dep: Set()
	external source: Set()
All initially invalidated sources: Set(C:\Users\ajbim\OneDrive\Documents\GitHub\TBRG\src\main\scala\com\ymcmp\tbrg\character\PhaseKnight.scala, C:\Users\ajbim\OneDrive\Documents\GitHub\TBRG\src\main\scala\com\ymcmp\tbrg\SheetFactory.scala)

Read from stdout: Compiling 2 Scala sources to C:\Users\ajbim\OneDrive\Documents\GitHub\TBRG\target\scala-2.11\classes...
Compiling 2 Scala sources to C:\Users\ajbim\OneDrive\Documents\GitHub\TBRG\target\scala-2.11\classes...
Getting compiler-interface from component compiler for Scala 2.11.2
Other repositories:
Default repositories:
Getting compiler-interface from component compiler for Scala 2.11.2
Other repositories:
Default repositories:
Running cached compiler 1f0630f, interfacing (CompilerInterface) with Scala compiler version 2.11.2
Calling Scala compiler with arguments  (CompilerInterface):
	-bootclasspath
	C:\Program Files (x86)\Java\jdk1.8.0_73\jre\lib\resources.jar;C:\Program Files (x86)\Java\jdk1.8.0_73\jre\lib\rt.jar;C:\Program Files (x86)\Java\jdk1.8.0_73\jre\lib\sunrsasign.jar;C:\Program Files (x86)\Java\jdk1.8.0_73\jre\lib\jsse.jar;C:\Program Files (x86)\Java\jdk1.8.0_73\jre\lib\jce.jar;C:\Program Files (x86)\Java\jdk1.8.0_73\jre\lib\charsets.jar;C:\Program Files (x86)\Java\jdk1.8.0_73\jre\lib\jfr.jar;C:\Program Files (x86)\Java\jdk1.8.0_73\jre\classes;C:\Users\ajbim\Downloads\typesafe-activator-1.3.7\activator-dist-1.3.7\repository\org.scala-lang\scala-library\2.11.2\jars\scala-library.jar
	-classpath
	C:\Users\ajbim\OneDrive\Documents\GitHub\TBRG\target\scala-2.11\classes
Read from stdout: C:\Users\ajbim\OneDrive\Documents\GitHub\TBRG\src\main\scala\com\ymcmp\tbrg\SheetFactory.scala:15: illegal start of simple pattern
C:\Users\ajbim\OneDrive\Documents\GitHub\TBRG\src\main\scala\com\ymcmp\tbrg\SheetFactory.scala:15: illegal start of simple pattern
Read from stdout: val PHASE KNIGHT = Value
    val PHASE KNIGHT = Value
Read from stdout: ^
                     ^
Read from stdout: C:\Users\ajbim\OneDrive\Documents\GitHub\TBRG\src\main\scala\com\ymcmp\tbrg\SheetFactory.scala:16: '=' expected but '}' found.
C:\Users\ajbim\OneDrive\Documents\GitHub\TBRG\src\main\scala\com\ymcmp\tbrg\SheetFactory.scala:16: '=' expected but '}' found.
Read from stdout: }
  }
Read from stdout: ^
  ^
Read from stdout: C:\Users\ajbim\OneDrive\Documents\GitHub\TBRG\src\main\scala\com\ymcmp\tbrg\SheetFactory.scala:24: illegal start of simple pattern
C:\Users\ajbim\OneDrive\Documents\GitHub\TBRG\src\main\scala\com\ymcmp\tbrg\SheetFactory.scala:24: illegal start of simple pattern
Read from stdout: case Classes.PHASE KNIGHT => new Phase Knight(r)
      case Classes.PHASE KNIGHT => new Phase Knight(r)
Read from stdout: ^
                                ^
Read from stdout: C:\Users\ajbim\OneDrive\Documents\GitHub\TBRG\src\main\scala\com\ymcmp\tbrg\SheetFactory.scala:25: '=>' expected but '}' found.
C:\Users\ajbim\OneDrive\Documents\GitHub\TBRG\src\main\scala\com\ymcmp\tbrg\SheetFactory.scala:25: '=>' expected but '}' found.
Read from stdout: }
    }
Read from stdout: ^
    ^
Read from stdout: C:\Users\ajbim\OneDrive\Documents\GitHub\TBRG\src\main\scala\com\ymcmp\tbrg\character\PhaseKnight.scala:6: ';' expected but identifier found.
C:\Users\ajbim\OneDrive\Documents\GitHub\TBRG\src\main\scala\com\ymcmp\tbrg\character\PhaseKnight.scala:6: ';' expected but identifier found.
Read from stdout: class Phase Knight(r: Race.Value) extends GenericSheet(r, () => Dice.d12, 0, 0,
class Phase Knight(r: Race.Value) extends GenericSheet(r, () => Dice.d12, 0, 0,
Read from stdout: ^
            ^
Read from stdout: 5 errors found
5 errors found
Compilation failed (CompilerInterface)
Read from stdout: (compile:compileIncremental) Compilation failed
(compile:compileIncremental) Compilation failed
Total time: 0 s, completed Mar 21, 2016 8:32:47 PM
> server-post-command-error-handler
> server-post-command-cleanup
> server-handle-next-server-request
> compile
Evaluating tasks: compile:compile
Running task... Cancel: sbt.server.ServerTaskCancellation@5ac8bd, check cycles: false

Initial source changes: 
	removed:Set()
	added: Set()
	modified: Set(C:\Users\ajbim\OneDrive\Documents\GitHub\TBRG\src\main\scala\com\ymcmp\tbrg\character\PhaseKnight.scala, C:\Users\ajbim\OneDrive\Documents\GitHub\TBRG\src\main\scala\com\ymcmp\tbrg\SheetFactory.scala)
Removed products: Set()
External API changes: API Changes: Set()
Modified binary dependencies: Set()
Initial directly invalidated sources: Set(C:\Users\ajbim\OneDrive\Documents\GitHub\TBRG\src\main\scala\com\ymcmp\tbrg\character\PhaseKnight.scala, C:\Users\ajbim\OneDrive\Documents\GitHub\TBRG\src\main\scala\com\ymcmp\tbrg\SheetFactory.scala)

Sources indirectly invalidated by:
	product: Set()
	binary dep: Set()
	external source: Set()
All initially invalidated sources: Set(C:\Users\ajbim\OneDrive\Documents\GitHub\TBRG\src\main\scala\com\ymcmp\tbrg\character\PhaseKnight.scala, C:\Users\ajbim\OneDrive\Documents\GitHub\TBRG\src\main\scala\com\ymcmp\tbrg\SheetFactory.scala)

Read from stdout: Compiling 2 Scala sources to C:\Users\ajbim\OneDrive\Documents\GitHub\TBRG\target\scala-2.11\classes...
Compiling 2 Scala sources to C:\Users\ajbim\OneDrive\Documents\GitHub\TBRG\target\scala-2.11\classes...
Getting compiler-interface from component compiler for Scala 2.11.2
Other repositories:
Default repositories:
Getting compiler-interface from component compiler for Scala 2.11.2
Other repositories:
Default repositories:
Running cached compiler 17ccda3, interfacing (CompilerInterface) with Scala compiler version 2.11.2
Calling Scala compiler with arguments  (CompilerInterface):
	-bootclasspath
	C:\Program Files (x86)\Java\jdk1.8.0_73\jre\lib\resources.jar;C:\Program Files (x86)\Java\jdk1.8.0_73\jre\lib\rt.jar;C:\Program Files (x86)\Java\jdk1.8.0_73\jre\lib\sunrsasign.jar;C:\Program Files (x86)\Java\jdk1.8.0_73\jre\lib\jsse.jar;C:\Program Files (x86)\Java\jdk1.8.0_73\jre\lib\jce.jar;C:\Program Files (x86)\Java\jdk1.8.0_73\jre\lib\charsets.jar;C:\Program Files (x86)\Java\jdk1.8.0_73\jre\lib\jfr.jar;C:\Program Files (x86)\Java\jdk1.8.0_73\jre\classes;C:\Users\ajbim\Downloads\typesafe-activator-1.3.7\activator-dist-1.3.7\repository\org.scala-lang\scala-library\2.11.2\jars\scala-library.jar
	-classpath
	C:\Users\ajbim\OneDrive\Documents\GitHub\TBRG\target\scala-2.11\classes
Read from stdout: C:\Users\ajbim\OneDrive\Documents\GitHub\TBRG\src\main\scala\com\ymcmp\tbrg\SheetFactory.scala:15: illegal start of simple pattern
C:\Users\ajbim\OneDrive\Documents\GitHub\TBRG\src\main\scala\com\ymcmp\tbrg\SheetFactory.scala:15: illegal start of simple pattern
Read from stdout: val PHASE KNIGHT = Value
    val PHASE KNIGHT = Value
Read from stdout: ^
                     ^
Read from stdout: C:\Users\ajbim\OneDrive\Documents\GitHub\TBRG\src\main\scala\com\ymcmp\tbrg\SheetFactory.scala:16: '=' expected but '}' found.
C:\Users\ajbim\OneDrive\Documents\GitHub\TBRG\src\main\scala\com\ymcmp\tbrg\SheetFactory.scala:16: '=' expected but '}' found.
Read from stdout: }
  }
Read from stdout: ^
  ^
Read from stdout: C:\Users\ajbim\OneDrive\Documents\GitHub\TBRG\src\main\scala\com\ymcmp\tbrg\SheetFactory.scala:24: illegal start of simple pattern
C:\Users\ajbim\OneDrive\Documents\GitHub\TBRG\src\main\scala\com\ymcmp\tbrg\SheetFactory.scala:24: illegal start of simple pattern
Read from stdout: case Classes.PHASE KNIGHT => new Phase Knight(r)
      case Classes.PHASE KNIGHT => new Phase Knight(r)
Read from stdout: ^
                                ^
Read from stdout: C:\Users\ajbim\OneDrive\Documents\GitHub\TBRG\src\main\scala\com\ymcmp\tbrg\SheetFactory.scala:25: '=>' expected but '}' found.
C:\Users\ajbim\OneDrive\Documents\GitHub\TBRG\src\main\scala\com\ymcmp\tbrg\SheetFactory.scala:25: '=>' expected but '}' found.
Read from stdout: }
    }
Read from stdout: ^
    ^
Read from stdout: C:\Users\ajbim\OneDrive\Documents\GitHub\TBRG\src\main\scala\com\ymcmp\tbrg\character\PhaseKnight.scala:6: ';' expected but identifier found.
C:\Users\ajbim\OneDrive\Documents\GitHub\TBRG\src\main\scala\com\ymcmp\tbrg\character\PhaseKnight.scala:6: ';' expected but identifier found.
Read from stdout: class Phase Knight(r: Race.Value) extends GenericSheet(r, () => Dice.d12, 0, 0,
class Phase Knight(r: Race.Value) extends GenericSheet(r, () => Dice.d12, 0, 0,
Read from stdout: ^
            ^
Read from stdout: 5 errors found
5 errors found
Compilation failed (CompilerInterface)
Read from stdout: (compile:compileIncremental) Compilation failed
(compile:compileIncremental) Compilation failed
Total time: 0 s, completed Mar 21, 2016 8:32:47 PM
> server-post-command-error-handler
> server-post-command-cleanup
> server-handle-next-server-request
> compile
Evaluating tasks: compile:compile
Running task... Cancel: sbt.server.ServerTaskCancellation@84ba11, check cycles: false

Initial source changes: 
	removed:Set()
	added: Set(C:\Users\ajbim\OneDrive\Documents\GitHub\TBRG\src\main\scala\com\ymcmp\tbrg\character\Phase Knight.scala)
	modified: Set(C:\Users\ajbim\OneDrive\Documents\GitHub\TBRG\src\main\scala\com\ymcmp\tbrg\character\PhaseKnight.scala, C:\Users\ajbim\OneDrive\Documents\GitHub\TBRG\src\main\scala\com\ymcmp\tbrg\SheetFactory.scala)
Removed products: Set()
External API changes: API Changes: Set()
Modified binary dependencies: Set()
Initial directly invalidated sources: Set(C:\Users\ajbim\OneDrive\Documents\GitHub\TBRG\src\main\scala\com\ymcmp\tbrg\character\PhaseKnight.scala, C:\Users\ajbim\OneDrive\Documents\GitHub\TBRG\src\main\scala\com\ymcmp\tbrg\SheetFactory.scala, C:\Users\ajbim\OneDrive\Documents\GitHub\TBRG\src\main\scala\com\ymcmp\tbrg\character\Phase Knight.scala)

Sources indirectly invalidated by:
	product: Set()
	binary dep: Set()
	external source: Set()
All initially invalidated sources: Set(C:\Users\ajbim\OneDrive\Documents\GitHub\TBRG\src\main\scala\com\ymcmp\tbrg\character\PhaseKnight.scala, C:\Users\ajbim\OneDrive\Documents\GitHub\TBRG\src\main\scala\com\ymcmp\tbrg\SheetFactory.scala, C:\Users\ajbim\OneDrive\Documents\GitHub\TBRG\src\main\scala\com\ymcmp\tbrg\character\Phase Knight.scala)

Read from stdout: Compiling 3 Scala sources to C:\Users\ajbim\OneDrive\Documents\GitHub\TBRG\target\scala-2.11\classes...
Compiling 3 Scala sources to C:\Users\ajbim\OneDrive\Documents\GitHub\TBRG\target\scala-2.11\classes...
Getting compiler-interface from component compiler for Scala 2.11.2
Other repositories:
Default repositories:
Getting compiler-interface from component compiler for Scala 2.11.2
Other repositories:
Default repositories:
Running cached compiler 137ecfa, interfacing (CompilerInterface) with Scala compiler version 2.11.2
Calling Scala compiler with arguments  (CompilerInterface):
	-bootclasspath
	C:\Program Files (x86)\Java\jdk1.8.0_73\jre\lib\resources.jar;C:\Program Files (x86)\Java\jdk1.8.0_73\jre\lib\rt.jar;C:\Program Files (x86)\Java\jdk1.8.0_73\jre\lib\sunrsasign.jar;C:\Program Files (x86)\Java\jdk1.8.0_73\jre\lib\jsse.jar;C:\Program Files (x86)\Java\jdk1.8.0_73\jre\lib\jce.jar;C:\Program Files (x86)\Java\jdk1.8.0_73\jre\lib\charsets.jar;C:\Program Files (x86)\Java\jdk1.8.0_73\jre\lib\jfr.jar;C:\Program Files (x86)\Java\jdk1.8.0_73\jre\classes;C:\Users\ajbim\Downloads\typesafe-activator-1.3.7\activator-dist-1.3.7\repository\org.scala-lang\scala-library\2.11.2\jars\scala-library.jar
	-classpath
	C:\Users\ajbim\OneDrive\Documents\GitHub\TBRG\target\scala-2.11\classes
Read from stdout: C:\Users\ajbim\OneDrive\Documents\GitHub\TBRG\src\main\scala\com\ymcmp\tbrg\SheetFactory.scala:15: illegal start of simple pattern
C:\Users\ajbim\OneDrive\Documents\GitHub\TBRG\src\main\scala\com\ymcmp\tbrg\SheetFactory.scala:15: illegal start of simple pattern
Read from stdout: val PHASE KNIGHT = Value
    val PHASE KNIGHT = Value
Read from stdout: ^
                     ^
Read from stdout: C:\Users\ajbim\OneDrive\Documents\GitHub\TBRG\src\main\scala\com\ymcmp\tbrg\SheetFactory.scala:16: '=' expected but '}' found.
C:\Users\ajbim\OneDrive\Documents\GitHub\TBRG\src\main\scala\com\ymcmp\tbrg\SheetFactory.scala:16: '=' expected but '}' found.
Read from stdout: }
  }
Read from stdout: ^
  ^
Read from stdout: C:\Users\ajbim\OneDrive\Documents\GitHub\TBRG\src\main\scala\com\ymcmp\tbrg\SheetFactory.scala:24: illegal start of simple pattern
C:\Users\ajbim\OneDrive\Documents\GitHub\TBRG\src\main\scala\com\ymcmp\tbrg\SheetFactory.scala:24: illegal start of simple pattern
Read from stdout: case Classes.PHASE KNIGHT => new Phase Knight(r)
      case Classes.PHASE KNIGHT => new Phase Knight(r)
Read from stdout: ^
                                ^
Read from stdout: C:\Users\ajbim\OneDrive\Documents\GitHub\TBRG\src\main\scala\com\ymcmp\tbrg\SheetFactory.scala:25: '=>' expected but '}' found.
C:\Users\ajbim\OneDrive\Documents\GitHub\TBRG\src\main\scala\com\ymcmp\tbrg\SheetFactory.scala:25: '=>' expected but '}' found.
Read from stdout: }
    }
Read from stdout: ^
    ^
Read from stdout: C:\Users\ajbim\OneDrive\Documents\GitHub\TBRG\src\main\scala\com\ymcmp\tbrg\character\PhaseKnight.scala:6: ';' expected but identifier found.
C:\Users\ajbim\OneDrive\Documents\GitHub\TBRG\src\main\scala\com\ymcmp\tbrg\character\PhaseKnight.scala:6: ';' expected but identifier found.
Read from stdout: class Phase Knight(r: Race.Value) extends GenericSheet(r, () => Dice.d12, 0, 0,
class Phase Knight(r: Race.Value) extends GenericSheet(r, () => Dice.d12, 0, 0,
Read from stdout: ^
            ^
Read from stdout: 5 errors found
5 errors found
Compilation failed (CompilerInterface)
Read from stdout: (compile:compileIncremental) Compilation failed
(compile:compileIncremental) Compilation failed
Total time: 0 s, completed Mar 21, 2016 8:32:56 PM
> server-post-command-error-handler
> server-post-command-cleanup
> server-handle-next-server-request
> compile
Evaluating tasks: compile:compile
Running task... Cancel: sbt.server.ServerTaskCancellation@8464e9, check cycles: false

Initial source changes: 
	removed:Set()
	added: Set(C:\Users\ajbim\OneDrive\Documents\GitHub\TBRG\src\main\scala\com\ymcmp\tbrg\character\Phase Knight.scala)
	modified: Set(C:\Users\ajbim\OneDrive\Documents\GitHub\TBRG\src\main\scala\com\ymcmp\tbrg\character\PhaseKnight.scala, C:\Users\ajbim\OneDrive\Documents\GitHub\TBRG\src\main\scala\com\ymcmp\tbrg\SheetFactory.scala)
Removed products: Set()
External API changes: API Changes: Set()
Modified binary dependencies: Set()
Initial directly invalidated sources: Set(C:\Users\ajbim\OneDrive\Documents\GitHub\TBRG\src\main\scala\com\ymcmp\tbrg\character\PhaseKnight.scala, C:\Users\ajbim\OneDrive\Documents\GitHub\TBRG\src\main\scala\com\ymcmp\tbrg\SheetFactory.scala, C:\Users\ajbim\OneDrive\Documents\GitHub\TBRG\src\main\scala\com\ymcmp\tbrg\character\Phase Knight.scala)

Sources indirectly invalidated by:
	product: Set()
	binary dep: Set()
	external source: Set()
All initially invalidated sources: Set(C:\Users\ajbim\OneDrive\Documents\GitHub\TBRG\src\main\scala\com\ymcmp\tbrg\character\PhaseKnight.scala, C:\Users\ajbim\OneDrive\Documents\GitHub\TBRG\src\main\scala\com\ymcmp\tbrg\SheetFactory.scala, C:\Users\ajbim\OneDrive\Documents\GitHub\TBRG\src\main\scala\com\ymcmp\tbrg\character\Phase Knight.scala)

Read from stdout: Compiling 3 Scala sources to C:\Users\ajbim\OneDrive\Documents\GitHub\TBRG\target\scala-2.11\classes...
Compiling 3 Scala sources to C:\Users\ajbim\OneDrive\Documents\GitHub\TBRG\target\scala-2.11\classes...
Getting compiler-interface from component compiler for Scala 2.11.2
Other repositories:
Default repositories:
Getting compiler-interface from component compiler for Scala 2.11.2
Other repositories:
Default repositories:
Running cached compiler 1605887, interfacing (CompilerInterface) with Scala compiler version 2.11.2
Calling Scala compiler with arguments  (CompilerInterface):
	-bootclasspath
	C:\Program Files (x86)\Java\jdk1.8.0_73\jre\lib\resources.jar;C:\Program Files (x86)\Java\jdk1.8.0_73\jre\lib\rt.jar;C:\Program Files (x86)\Java\jdk1.8.0_73\jre\lib\sunrsasign.jar;C:\Program Files (x86)\Java\jdk1.8.0_73\jre\lib\jsse.jar;C:\Program Files (x86)\Java\jdk1.8.0_73\jre\lib\jce.jar;C:\Program Files (x86)\Java\jdk1.8.0_73\jre\lib\charsets.jar;C:\Program Files (x86)\Java\jdk1.8.0_73\jre\lib\jfr.jar;C:\Program Files (x86)\Java\jdk1.8.0_73\jre\classes;C:\Users\ajbim\Downloads\typesafe-activator-1.3.7\activator-dist-1.3.7\repository\org.scala-lang\scala-library\2.11.2\jars\scala-library.jar
	-classpath
	C:\Users\ajbim\OneDrive\Documents\GitHub\TBRG\target\scala-2.11\classes
Read from stdout: C:\Users\ajbim\OneDrive\Documents\GitHub\TBRG\src\main\scala\com\ymcmp\tbrg\character\PhaseKnight.scala:6: ';' expected but identifier found.
C:\Users\ajbim\OneDrive\Documents\GitHub\TBRG\src\main\scala\com\ymcmp\tbrg\character\PhaseKnight.scala:6: ';' expected but identifier found.
Read from stdout: class Phase Knight(r: Race.Value) extends GenericSheet(r, () => Dice.d12, 0, 0,
class Phase Knight(r: Race.Value) extends GenericSheet(r, () => Dice.d12, 0, 0,
Read from stdout: ^
            ^
Read from stdout: one error found
one error found
Compilation failed (CompilerInterface)
Read from stdout: (compile:compileIncremental) Compilation failed
(compile:compileIncremental) Compilation failed
Total time: 0 s, completed Mar 21, 2016 8:33:12 PM
> server-post-command-error-handler
> server-post-command-cleanup
> server-handle-next-server-request
> compile
Evaluating tasks: compile:compile
Running task... Cancel: sbt.server.ServerTaskCancellation@176c96e, check cycles: false

Initial source changes: 
	removed:Set()
	added: Set(C:\Users\ajbim\OneDrive\Documents\GitHub\TBRG\src\main\scala\com\ymcmp\tbrg\character\Phase Knight.scala)
	modified: Set(C:\Users\ajbim\OneDrive\Documents\GitHub\TBRG\src\main\scala\com\ymcmp\tbrg\character\PhaseKnight.scala, C:\Users\ajbim\OneDrive\Documents\GitHub\TBRG\src\main\scala\com\ymcmp\tbrg\SheetFactory.scala)
Removed products: Set()
External API changes: API Changes: Set()
Modified binary dependencies: Set()
Initial directly invalidated sources: Set(C:\Users\ajbim\OneDrive\Documents\GitHub\TBRG\src\main\scala\com\ymcmp\tbrg\character\PhaseKnight.scala, C:\Users\ajbim\OneDrive\Documents\GitHub\TBRG\src\main\scala\com\ymcmp\tbrg\SheetFactory.scala, C:\Users\ajbim\OneDrive\Documents\GitHub\TBRG\src\main\scala\com\ymcmp\tbrg\character\Phase Knight.scala)

Sources indirectly invalidated by:
	product: Set()
	binary dep: Set()
	external source: Set()
All initially invalidated sources: Set(C:\Users\ajbim\OneDrive\Documents\GitHub\TBRG\src\main\scala\com\ymcmp\tbrg\character\PhaseKnight.scala, C:\Users\ajbim\OneDrive\Documents\GitHub\TBRG\src\main\scala\com\ymcmp\tbrg\SheetFactory.scala, C:\Users\ajbim\OneDrive\Documents\GitHub\TBRG\src\main\scala\com\ymcmp\tbrg\character\Phase Knight.scala)

Read from stdout: Compiling 3 Scala sources to C:\Users\ajbim\OneDrive\Documents\GitHub\TBRG\target\scala-2.11\classes...
Compiling 3 Scala sources to C:\Users\ajbim\OneDrive\Documents\GitHub\TBRG\target\scala-2.11\classes...
Getting compiler-interface from component compiler for Scala 2.11.2
Other repositories:
Default repositories:
Getting compiler-interface from component compiler for Scala 2.11.2
Other repositories:
Default repositories:
Running cached compiler 1021c7, interfacing (CompilerInterface) with Scala compiler version 2.11.2
Calling Scala compiler with arguments  (CompilerInterface):
	-bootclasspath
	C:\Program Files (x86)\Java\jdk1.8.0_73\jre\lib\resources.jar;C:\Program Files (x86)\Java\jdk1.8.0_73\jre\lib\rt.jar;C:\Program Files (x86)\Java\jdk1.8.0_73\jre\lib\sunrsasign.jar;C:\Program Files (x86)\Java\jdk1.8.0_73\jre\lib\jsse.jar;C:\Program Files (x86)\Java\jdk1.8.0_73\jre\lib\jce.jar;C:\Program Files (x86)\Java\jdk1.8.0_73\jre\lib\charsets.jar;C:\Program Files (x86)\Java\jdk1.8.0_73\jre\lib\jfr.jar;C:\Program Files (x86)\Java\jdk1.8.0_73\jre\classes;C:\Users\ajbim\Downloads\typesafe-activator-1.3.7\activator-dist-1.3.7\repository\org.scala-lang\scala-library\2.11.2\jars\scala-library.jar
	-classpath
	C:\Users\ajbim\OneDrive\Documents\GitHub\TBRG\target\scala-2.11\classes
Read from stdout: C:\Users\ajbim\OneDrive\Documents\GitHub\TBRG\src\main\scala\com\ymcmp\tbrg\character\PhaseKnight.scala:6: ';' expected but identifier found.
C:\Users\ajbim\OneDrive\Documents\GitHub\TBRG\src\main\scala\com\ymcmp\tbrg\character\PhaseKnight.scala:6: ';' expected but identifier found.
Read from stdout: class Phase Knight(r: Race.Value) extends GenericSheet(r, () => Dice.d12, 0, 0,
class Phase Knight(r: Race.Value) extends GenericSheet(r, () => Dice.d12, 0, 0,
Read from stdout: ^
            ^
Read from stdout: one error found
one error found
Compilation failed (CompilerInterface)
Read from stdout: (compile:compileIncremental) Compilation failed
(compile:compileIncremental) Compilation failed
Total time: 0 s, completed Mar 21, 2016 8:35:02 PM
> server-post-command-error-handler
> server-post-command-cleanup
> server-handle-next-server-request
> compile
Evaluating tasks: compile:compile
Running task... Cancel: sbt.server.ServerTaskCancellation@1bf7af5, check cycles: false

Initial source changes: 
	removed:Set()
	added: Set(C:\Users\ajbim\OneDrive\Documents\GitHub\TBRG\src\main\scala\com\ymcmp\tbrg\character\Phase Knight.scala)
	modified: Set(C:\Users\ajbim\OneDrive\Documents\GitHub\TBRG\src\main\scala\com\ymcmp\tbrg\character\PhaseKnight.scala, C:\Users\ajbim\OneDrive\Documents\GitHub\TBRG\src\main\scala\com\ymcmp\tbrg\SheetFactory.scala)
Removed products: Set()
External API changes: API Changes: Set()
Modified binary dependencies: Set()
Initial directly invalidated sources: Set(C:\Users\ajbim\OneDrive\Documents\GitHub\TBRG\src\main\scala\com\ymcmp\tbrg\character\PhaseKnight.scala, C:\Users\ajbim\OneDrive\Documents\GitHub\TBRG\src\main\scala\com\ymcmp\tbrg\SheetFactory.scala, C:\Users\ajbim\OneDrive\Documents\GitHub\TBRG\src\main\scala\com\ymcmp\tbrg\character\Phase Knight.scala)

Sources indirectly invalidated by:
	product: Set()
	binary dep: Set()
	external source: Set()
All initially invalidated sources: Set(C:\Users\ajbim\OneDrive\Documents\GitHub\TBRG\src\main\scala\com\ymcmp\tbrg\character\PhaseKnight.scala, C:\Users\ajbim\OneDrive\Documents\GitHub\TBRG\src\main\scala\com\ymcmp\tbrg\SheetFactory.scala, C:\Users\ajbim\OneDrive\Documents\GitHub\TBRG\src\main\scala\com\ymcmp\tbrg\character\Phase Knight.scala)

Read from stdout: Compiling 3 Scala sources to C:\Users\ajbim\OneDrive\Documents\GitHub\TBRG\target\scala-2.11\classes...
Compiling 3 Scala sources to C:\Users\ajbim\OneDrive\Documents\GitHub\TBRG\target\scala-2.11\classes...
Getting compiler-interface from component compiler for Scala 2.11.2
Other repositories:
Default repositories:
Getting compiler-interface from component compiler for Scala 2.11.2
Other repositories:
Default repositories:
Running cached compiler 13cc7d2, interfacing (CompilerInterface) with Scala compiler version 2.11.2
Calling Scala compiler with arguments  (CompilerInterface):
	-bootclasspath
	C:\Program Files (x86)\Java\jdk1.8.0_73\jre\lib\resources.jar;C:\Program Files (x86)\Java\jdk1.8.0_73\jre\lib\rt.jar;C:\Program Files (x86)\Java\jdk1.8.0_73\jre\lib\sunrsasign.jar;C:\Program Files (x86)\Java\jdk1.8.0_73\jre\lib\jsse.jar;C:\Program Files (x86)\Java\jdk1.8.0_73\jre\lib\jce.jar;C:\Program Files (x86)\Java\jdk1.8.0_73\jre\lib\charsets.jar;C:\Program Files (x86)\Java\jdk1.8.0_73\jre\lib\jfr.jar;C:\Program Files (x86)\Java\jdk1.8.0_73\jre\classes;C:\Users\ajbim\Downloads\typesafe-activator-1.3.7\activator-dist-1.3.7\repository\org.scala-lang\scala-library\2.11.2\jars\scala-library.jar
	-classpath
	C:\Users\ajbim\OneDrive\Documents\GitHub\TBRG\target\scala-2.11\classes
Read from stdout: C:\Users\ajbim\OneDrive\Documents\GitHub\TBRG\src\main\scala\com\ymcmp\tbrg\character\PhaseKnight.scala:6: ';' expected but identifier found.
C:\Users\ajbim\OneDrive\Documents\GitHub\TBRG\src\main\scala\com\ymcmp\tbrg\character\PhaseKnight.scala:6: ';' expected but identifier found.
Read from stdout: class Phase Knight(r: Race.Value) extends GenericSheet(r, () => Dice.d12, 0, 0,
class Phase Knight(r: Race.Value) extends GenericSheet(r, () => Dice.d12, 0, 0,
Read from stdout: ^
            ^
Read from stdout: one error found
one error found
Compilation failed (CompilerInterface)
Read from stdout: (compile:compileIncremental) Compilation failed
(compile:compileIncremental) Compilation failed
Total time: 0 s, completed Mar 21, 2016 8:35:30 PM
> server-post-command-error-handler
> server-post-command-cleanup
> server-handle-next-server-request
> compile
Evaluating tasks: compile:compile
Running task... Cancel: sbt.server.ServerTaskCancellation@1be1efc, check cycles: false

Initial source changes: 
	removed:Set()
	added: Set(C:\Users\ajbim\OneDrive\Documents\GitHub\TBRG\src\main\scala\com\ymcmp\tbrg\character\Phase Knight.scala)
	modified: Set(C:\Users\ajbim\OneDrive\Documents\GitHub\TBRG\src\main\scala\com\ymcmp\tbrg\character\PhaseKnight.scala, C:\Users\ajbim\OneDrive\Documents\GitHub\TBRG\src\main\scala\com\ymcmp\tbrg\SheetFactory.scala)
Removed products: Set()
External API changes: API Changes: Set()
Modified binary dependencies: Set()
Initial directly invalidated sources: Set(C:\Users\ajbim\OneDrive\Documents\GitHub\TBRG\src\main\scala\com\ymcmp\tbrg\character\PhaseKnight.scala, C:\Users\ajbim\OneDrive\Documents\GitHub\TBRG\src\main\scala\com\ymcmp\tbrg\SheetFactory.scala, C:\Users\ajbim\OneDrive\Documents\GitHub\TBRG\src\main\scala\com\ymcmp\tbrg\character\Phase Knight.scala)

Sources indirectly invalidated by:
	product: Set()
	binary dep: Set()
	external source: Set()
All initially invalidated sources: Set(C:\Users\ajbim\OneDrive\Documents\GitHub\TBRG\src\main\scala\com\ymcmp\tbrg\character\PhaseKnight.scala, C:\Users\ajbim\OneDrive\Documents\GitHub\TBRG\src\main\scala\com\ymcmp\tbrg\SheetFactory.scala, C:\Users\ajbim\OneDrive\Documents\GitHub\TBRG\src\main\scala\com\ymcmp\tbrg\character\Phase Knight.scala)

Read from stdout: Compiling 3 Scala sources to C:\Users\ajbim\OneDrive\Documents\GitHub\TBRG\target\scala-2.11\classes...
Compiling 3 Scala sources to C:\Users\ajbim\OneDrive\Documents\GitHub\TBRG\target\scala-2.11\classes...
Getting compiler-interface from component compiler for Scala 2.11.2
Other repositories:
Default repositories:
Getting compiler-interface from component compiler for Scala 2.11.2
Other repositories:
Default repositories:
Running cached compiler 18692f4, interfacing (CompilerInterface) with Scala compiler version 2.11.2
Calling Scala compiler with arguments  (CompilerInterface):
	-bootclasspath
	C:\Program Files (x86)\Java\jdk1.8.0_73\jre\lib\resources.jar;C:\Program Files (x86)\Java\jdk1.8.0_73\jre\lib\rt.jar;C:\Program Files (x86)\Java\jdk1.8.0_73\jre\lib\sunrsasign.jar;C:\Program Files (x86)\Java\jdk1.8.0_73\jre\lib\jsse.jar;C:\Program Files (x86)\Java\jdk1.8.0_73\jre\lib\jce.jar;C:\Program Files (x86)\Java\jdk1.8.0_73\jre\lib\charsets.jar;C:\Program Files (x86)\Java\jdk1.8.0_73\jre\lib\jfr.jar;C:\Program Files (x86)\Java\jdk1.8.0_73\jre\classes;C:\Users\ajbim\Downloads\typesafe-activator-1.3.7\activator-dist-1.3.7\repository\org.scala-lang\scala-library\2.11.2\jars\scala-library.jar
	-classpath
	C:\Users\ajbim\OneDrive\Documents\GitHub\TBRG\target\scala-2.11\classes
Read from stdout: C:\Users\ajbim\OneDrive\Documents\GitHub\TBRG\src\main\scala\com\ymcmp\tbrg\character\PhaseKnight.scala:6: PhaseKnight is already defined as class PhaseKnight
C:\Users\ajbim\OneDrive\Documents\GitHub\TBRG\src\main\scala\com\ymcmp\tbrg\character\PhaseKnight.scala:6: PhaseKnight is already defined as class PhaseKnight
Read from stdout: class PhaseKnight(r: Race.Value) extends GenericSheet(r, () => Dice.d12, 0, 0,
class PhaseKnight(r: Race.Value) extends GenericSheet(r, () => Dice.d12, 0, 0,
Read from stdout: ^
      ^
Read from stdout: one error found
one error found
Compilation failed (CompilerInterface)
Read from stdout: (compile:compileIncremental) Compilation failed
(compile:compileIncremental) Compilation failed
Total time: 0 s, completed Mar 21, 2016 8:36:02 PM
> server-post-command-error-handler
> server-post-command-cleanup
> server-handle-next-server-request
> compile
Evaluating tasks: compile:compile
Running task... Cancel: sbt.server.ServerTaskCancellation@1cac693, check cycles: false

Initial source changes: 
	removed:Set()
	added: Set(C:\Users\ajbim\OneDrive\Documents\GitHub\TBRG\src\main\scala\com\ymcmp\tbrg\character\Phase Knight.scala)
	modified: Set(C:\Users\ajbim\OneDrive\Documents\GitHub\TBRG\src\main\scala\com\ymcmp\tbrg\character\PhaseKnight.scala, C:\Users\ajbim\OneDrive\Documents\GitHub\TBRG\src\main\scala\com\ymcmp\tbrg\SheetFactory.scala)
Removed products: Set()
External API changes: API Changes: Set()
Modified binary dependencies: Set()
Initial directly invalidated sources: Set(C:\Users\ajbim\OneDrive\Documents\GitHub\TBRG\src\main\scala\com\ymcmp\tbrg\character\PhaseKnight.scala, C:\Users\ajbim\OneDrive\Documents\GitHub\TBRG\src\main\scala\com\ymcmp\tbrg\SheetFactory.scala, C:\Users\ajbim\OneDrive\Documents\GitHub\TBRG\src\main\scala\com\ymcmp\tbrg\character\Phase Knight.scala)

Sources indirectly invalidated by:
	product: Set()
	binary dep: Set()
	external source: Set()
All initially invalidated sources: Set(C:\Users\ajbim\OneDrive\Documents\GitHub\TBRG\src\main\scala\com\ymcmp\tbrg\character\PhaseKnight.scala, C:\Users\ajbim\OneDrive\Documents\GitHub\TBRG\src\main\scala\com\ymcmp\tbrg\SheetFactory.scala, C:\Users\ajbim\OneDrive\Documents\GitHub\TBRG\src\main\scala\com\ymcmp\tbrg\character\Phase Knight.scala)

Read from stdout: Compiling 3 Scala sources to C:\Users\ajbim\OneDrive\Documents\GitHub\TBRG\target\scala-2.11\classes...
Compiling 3 Scala sources to C:\Users\ajbim\OneDrive\Documents\GitHub\TBRG\target\scala-2.11\classes...
Getting compiler-interface from component compiler for Scala 2.11.2
Other repositories:
Default repositories:
Getting compiler-interface from component compiler for Scala 2.11.2
Other repositories:
Default repositories:
Running cached compiler 1209ca6, interfacing (CompilerInterface) with Scala compiler version 2.11.2
Calling Scala compiler with arguments  (CompilerInterface):
	-bootclasspath
	C:\Program Files (x86)\Java\jdk1.8.0_73\jre\lib\resources.jar;C:\Program Files (x86)\Java\jdk1.8.0_73\jre\lib\rt.jar;C:\Program Files (x86)\Java\jdk1.8.0_73\jre\lib\sunrsasign.jar;C:\Program Files (x86)\Java\jdk1.8.0_73\jre\lib\jsse.jar;C:\Program Files (x86)\Java\jdk1.8.0_73\jre\lib\jce.jar;C:\Program Files (x86)\Java\jdk1.8.0_73\jre\lib\charsets.jar;C:\Program Files (x86)\Java\jdk1.8.0_73\jre\lib\jfr.jar;C:\Program Files (x86)\Java\jdk1.8.0_73\jre\classes;C:\Users\ajbim\Downloads\typesafe-activator-1.3.7\activator-dist-1.3.7\repository\org.scala-lang\scala-library\2.11.2\jars\scala-library.jar
	-classpath
	C:\Users\ajbim\OneDrive\Documents\GitHub\TBRG\target\scala-2.11\classes
Read from stdout: C:\Users\ajbim\OneDrive\Documents\GitHub\TBRG\src\main\scala\com\ymcmp\tbrg\character\PhaseKnight.scala:6: PhaseKnight is already defined as class PhaseKnight
C:\Users\ajbim\OneDrive\Documents\GitHub\TBRG\src\main\scala\com\ymcmp\tbrg\character\PhaseKnight.scala:6: PhaseKnight is already defined as class PhaseKnight
Read from stdout: class PhaseKnight(r: Race.Value) extends GenericSheet(r, () => Dice.d12, 0, 0,
class PhaseKnight(r: Race.Value) extends GenericSheet(r, () => Dice.d12, 0, 0,
Read from stdout: ^
      ^
Read from stdout: one error found
one error found
Compilation failed (CompilerInterface)
Read from stdout: (compile:compileIncremental) Compilation failed
(compile:compileIncremental) Compilation failed
Total time: 0 s, completed Mar 21, 2016 8:37:14 PM
> server-post-command-error-handler
> server-post-command-cleanup
> server-handle-next-server-request
Done executing sbt server engine, result Right(Exit(0))
Closing listening server socket
Waiting for socket thread
Waiting for request processor thread
Waiting for command engine result
Returning control to sbt launcher with result Exit(0)
Closing the 7944@DESKTOP-GVSLK2T logs at Mon Mar 21 20:41:23 EDT 2016, goodbye.
